Arguments: 
  C:\Program Files\nodejs\node.exe C:\Program Files\nodejs\node_modules\yarn\bin\yarn.js add @react-native-firebase/app @react-native-firebase/database mobx-state-tree typescript

PATH: 
  C:\Program Files (x86)\Microsoft\Edge\Application;C:\Program Files (x86)\NVIDIA Corporation\PhysX\Common;C:\Program Files (x86)\Intel\Intel(R) Management Engine Components\iCLS\;C:\Program Files\Intel\Intel(R) Management Engine Components\iCLS\;C:\WINDOWS\system32;C:\WINDOWS;C:\WINDOWS\System32\Wbem;C:\WINDOWS\System32\WindowsPowerShell\v1.0\;C:\WINDOWS\System32\OpenSSH\;C:\Program Files (x86)\Intel\Intel(R) Management Engine Components\DAL;C:\Program Files\Intel\Intel(R) Management Engine Components\DAL;C:\Program Files (x86)\Intel\Intel(R) Management Engine Components\IPT;C:\Program Files\Intel\Intel(R) Management Engine Components\IPT;C:\Program Files\Intel\WiFi\bin\;C:\Program Files\Common Files\Intel\WirelessCommon\;C:\ProgramData\chocolatey\bin;%NVM_HOME%;C:\Program Files\nodejs;C:\Program Files\Youtube-dl\bin;C:\Program Files\Git\cmd;C:\Users\sutui\AppData\Local\Android\Sdk\emulator;C:\xampp\php;C:\ProgramData\ComposerSetup\bin;C:\xampp;C:\Program Files\Genymobile\Genymotion\tools;C:\Program Files\Genymobile\Genymotion;C:\Program Files\dotnet\;C:\Program Files\nodejs\;C:\Users\sutui\AppData\Local\Yarn\bin;C:\Users\sutui\AppData\Local\Android\Sdk\platform-tools;C:\watchman-v2020.08.03.00-windows\bin;C:\Users\sutui\scoop\shims;C:\Users\sutui\AppData\Local\Microsoft\WindowsApps;C:\Users\sutui\AppData\Local\Programs\Microsoft VS Code\bin;C:\Program Files\JetBrains\PhpStorm 2020.1\bin;C:\Users\sutui\AppData\Local\GitHubDesktop\bin;C:\Users\sutui\AppData\Roaming\Composer\vendor\bin;C:\Program Files\JetBrains\PyCharm 2020.1\bin;;C:\Program Files\JetBrains\IntelliJ IDEA 2020.1\bin;;C:\Program Files\JetBrains\WebStorm 2020.1\bin;;C:\Users\sutui\.jabba\jdk\amazon-corretto@1.11.0-7.10.1\bin;

Yarn version: 
  1.22.5

Node version: 
  10.21.0

Platform: 
  win32 x64

Trace: 
  SyntaxError: C:\Users\sutui\Projects\React-Native\mobx-state-tree-firebase\package.json: Unexpected token } in JSON at position 700
      at JSON.parse (<anonymous>)
      at C:\ProgramData\nvm\v10.21.0\node_modules\yarn\lib\cli.js:1625:59
      at Generator.next (<anonymous>)
      at step (C:\ProgramData\nvm\v10.21.0\node_modules\yarn\lib\cli.js:310:30)
      at C:\ProgramData\nvm\v10.21.0\node_modules\yarn\lib\cli.js:321:13

npm manifest: 
  {
  	"name": "mobx-state-tree-firebase",
  	"version": "1.0.2",
  	"description": "Firebase Integration for mobx-state-tree",
  	"main": "./dist/index.js",
  	"typings": "./dist/index.d.ts",
  	"scripts": {
  		"test": "echo \"Error: no test specified\" && exit 1",
  		"build": "tsc",
  		"prepublish": "npm run build"
  	},
  	"repository": {
  		"type": "git",
  		"url": "git+https://github.com/GeekyAnts/mobx-state-tree-firebase.git"
  	},
  	"keywords": ["Firebase", "mobx-state-tree", "mobx"],
  	"author": "sanketsahu@gmail.com",
  	"license": "Apache-2.0",
  	"bugs": {
  		"url": "https://github.com/GeekyAnts/mobx-state-tree-firebase/issues"
  	},
  	
  	"homepage": "https://github.com/GeekyAnts/mobx-state-tree-firebase#readme",
  	
  }

yarn manifest: 
  No manifest

Lockfile: 
  No lockfile
